{"/media/datos_hdd/ElkaliLinuxx/documentoslinux/tareasena_continuacion/backend/src/controllers/authController.js": {"path":"/media/datos_hdd/ElkaliLinuxx/documentoslinux/tareasena_continuacion/backend/src/controllers/authController.js","statementMap":{"0":{"start":{"line":1,"column":12},"end":{"line":1,"column":35}},"1":{"start":{"line":2,"column":15},"end":{"line":2,"column":32}},"2":{"start":{"line":3,"column":13},"end":{"line":3,"column":38}},"3":{"start":{"line":5,"column":19},"end":{"line":5,"column":41}},"4":{"start":{"line":9,"column":36},"end":{"line":9,"column":44}},"5":{"start":{"line":11,"column":8},"end":{"line":39,"column":9}},"6":{"start":{"line":12,"column":25},"end":{"line":12,"column":54}},"7":{"start":{"line":14,"column":12},"end":{"line":16,"column":13}},"8":{"start":{"line":15,"column":16},"end":{"line":15,"column":92}},"9":{"start":{"line":18,"column":36},"end":{"line":18,"column":81}},"10":{"start":{"line":20,"column":12},"end":{"line":22,"column":13}},"11":{"start":{"line":21,"column":16},"end":{"line":21,"column":92}},"12":{"start":{"line":24,"column":26},"end":{"line":28,"column":13}},"13":{"start":{"line":30,"column":12},"end":{"line":34,"column":15}},"14":{"start":{"line":37,"column":12},"end":{"line":37,"column":33}},"15":{"start":{"line":38,"column":12},"end":{"line":38,"column":85}},"16":{"start":{"line":43,"column":0},"end":{"line":43,"column":32}}},"fnMap":{"0":{"name":"(anonymous_0)","decl":{"start":{"line":8,"column":4},"end":{"line":8,"column":5}},"loc":{"start":{"line":8,"column":33},"end":{"line":40,"column":5}},"line":8}},"branchMap":{"0":{"loc":{"start":{"line":14,"column":12},"end":{"line":16,"column":13}},"type":"if","locations":[{"start":{"line":14,"column":12},"end":{"line":16,"column":13}},{"start":{},"end":{}}],"line":14},"1":{"loc":{"start":{"line":20,"column":12},"end":{"line":22,"column":13}},"type":"if","locations":[{"start":{"line":20,"column":12},"end":{"line":22,"column":13}},{"start":{},"end":{}}],"line":20}},"s":{"0":1,"1":1,"2":1,"3":1,"4":4,"5":4,"6":4,"7":4,"8":1,"9":3,"10":3,"11":1,"12":2,"13":2,"14":0,"15":0,"16":1},"f":{"0":4},"b":{"0":[1,3],"1":[1,2]},"_coverageSchema":"1a1c01bbd47fc00a2c39e90264f33305004495a9","hash":"9976ff18fe97a6f88eb5c95d68eda7e2ceffa7ee"}
,"/media/datos_hdd/ElkaliLinuxx/documentoslinux/tareasena_continuacion/backend/src/controllers/bookingController.js": {"path":"/media/datos_hdd/ElkaliLinuxx/documentoslinux/tareasena_continuacion/backend/src/controllers/bookingController.js","statementMap":{"0":{"start":{"line":1,"column":11},"end":{"line":1,"column":43}},"1":{"start":{"line":5,"column":8},"end":{"line":19,"column":9}},"2":{"start":{"line":6,"column":57},"end":{"line":6,"column":65}},"3":{"start":{"line":7,"column":27},"end":{"line":7,"column":38}},"4":{"start":{"line":9,"column":12},"end":{"line":16,"column":14}},"5":{"start":{"line":13,"column":20},"end":{"line":13,"column":81}},"6":{"start":{"line":13,"column":29},"end":{"line":13,"column":81}},"7":{"start":{"line":14,"column":20},"end":{"line":14,"column":111}},"8":{"start":{"line":18,"column":12},"end":{"line":18,"column":59}},"9":{"start":{"line":23,"column":8},"end":{"line":31,"column":9}},"10":{"start":{"line":24,"column":27},"end":{"line":24,"column":38}},"11":{"start":{"line":25,"column":12},"end":{"line":28,"column":15}},"12":{"start":{"line":26,"column":16},"end":{"line":26,"column":77}},"13":{"start":{"line":26,"column":25},"end":{"line":26,"column":77}},"14":{"start":{"line":27,"column":16},"end":{"line":27,"column":31}},"15":{"start":{"line":30,"column":12},"end":{"line":30,"column":59}},"16":{"start":{"line":35,"column":8},"end":{"line":46,"column":9}},"17":{"start":{"line":36,"column":27},"end":{"line":36,"column":37}},"18":{"start":{"line":37,"column":27},"end":{"line":37,"column":38}},"19":{"start":{"line":39,"column":12},"end":{"line":43,"column":15}},"20":{"start":{"line":40,"column":16},"end":{"line":40,"column":77}},"21":{"start":{"line":40,"column":25},"end":{"line":40,"column":77}},"22":{"start":{"line":41,"column":16},"end":{"line":41,"column":122}},"23":{"start":{"line":41,"column":40},"end":{"line":41,"column":122}},"24":{"start":{"line":42,"column":16},"end":{"line":42,"column":69}},"25":{"start":{"line":45,"column":12},"end":{"line":45,"column":59}},"26":{"start":{"line":50,"column":0},"end":{"line":50,"column":35}}},"fnMap":{"0":{"name":"(anonymous_0)","decl":{"start":{"line":4,"column":4},"end":{"line":4,"column":5}},"loc":{"start":{"line":4,"column":41},"end":{"line":20,"column":5}},"line":4},"1":{"name":"(anonymous_1)","decl":{"start":{"line":12,"column":16},"end":{"line":12,"column":17}},"loc":{"start":{"line":12,"column":31},"end":{"line":15,"column":17}},"line":12},"2":{"name":"(anonymous_2)","decl":{"start":{"line":22,"column":4},"end":{"line":22,"column":5}},"loc":{"start":{"line":22,"column":41},"end":{"line":32,"column":5}},"line":22},"3":{"name":"(anonymous_3)","decl":{"start":{"line":25,"column":72},"end":{"line":25,"column":73}},"loc":{"start":{"line":25,"column":87},"end":{"line":28,"column":13}},"line":25},"4":{"name":"(anonymous_4)","decl":{"start":{"line":34,"column":4},"end":{"line":34,"column":5}},"loc":{"start":{"line":34,"column":41},"end":{"line":47,"column":5}},"line":34},"5":{"name":"(anonymous_5)","decl":{"start":{"line":39,"column":85},"end":{"line":39,"column":86}},"loc":{"start":{"line":39,"column":100},"end":{"line":43,"column":13}},"line":39}},"branchMap":{"0":{"loc":{"start":{"line":13,"column":20},"end":{"line":13,"column":81}},"type":"if","locations":[{"start":{"line":13,"column":20},"end":{"line":13,"column":81}},{"start":{},"end":{}}],"line":13},"1":{"loc":{"start":{"line":26,"column":16},"end":{"line":26,"column":77}},"type":"if","locations":[{"start":{"line":26,"column":16},"end":{"line":26,"column":77}},{"start":{},"end":{}}],"line":26},"2":{"loc":{"start":{"line":40,"column":16},"end":{"line":40,"column":77}},"type":"if","locations":[{"start":{"line":40,"column":16},"end":{"line":40,"column":77}},{"start":{},"end":{}}],"line":40},"3":{"loc":{"start":{"line":41,"column":16},"end":{"line":41,"column":122}},"type":"if","locations":[{"start":{"line":41,"column":16},"end":{"line":41,"column":122}},{"start":{},"end":{}}],"line":41}},"s":{"0":1,"1":2,"2":2,"3":2,"4":2,"5":2,"6":0,"7":2,"8":0,"9":1,"10":1,"11":1,"12":1,"13":0,"14":1,"15":0,"16":2,"17":2,"18":2,"19":2,"20":2,"21":0,"22":2,"23":1,"24":1,"25":0,"26":1},"f":{"0":2,"1":2,"2":1,"3":1,"4":2,"5":2},"b":{"0":[0,2],"1":[0,1],"2":[0,2],"3":[1,1]},"_coverageSchema":"1a1c01bbd47fc00a2c39e90264f33305004495a9","hash":"0caef30657907f97dcdbe8d6a87e2e3e62f1641a"}
,"/media/datos_hdd/ElkaliLinuxx/documentoslinux/tareasena_continuacion/backend/src/controllers/itineraryController.js": {"path":"/media/datos_hdd/ElkaliLinuxx/documentoslinux/tareasena_continuacion/backend/src/controllers/itineraryController.js","statementMap":{"0":{"start":{"line":1,"column":18},"end":{"line":1,"column":48}},"1":{"start":{"line":5,"column":8},"end":{"line":17,"column":9}},"2":{"start":{"line":6,"column":120},"end":{"line":6,"column":128}},"3":{"start":{"line":7,"column":28},"end":{"line":7,"column":39}},"4":{"start":{"line":9,"column":12},"end":{"line":11,"column":13}},"5":{"start":{"line":10,"column":16},"end":{"line":10,"column":113}},"6":{"start":{"line":13,"column":23},"end":{"line":13,"column":151}},"7":{"start":{"line":14,"column":12},"end":{"line":14,"column":83}},"8":{"start":{"line":16,"column":12},"end":{"line":16,"column":59}},"9":{"start":{"line":22,"column":8},"end":{"line":28,"column":9}},"10":{"start":{"line":23,"column":28},"end":{"line":23,"column":39}},"11":{"start":{"line":24,"column":32},"end":{"line":24,"column":69}},"12":{"start":{"line":25,"column":12},"end":{"line":25,"column":34}},"13":{"start":{"line":27,"column":12},"end":{"line":27,"column":59}},"14":{"start":{"line":32,"column":8},"end":{"line":41,"column":9}},"15":{"start":{"line":33,"column":27},"end":{"line":33,"column":37}},"16":{"start":{"line":34,"column":28},"end":{"line":34,"column":39}},"17":{"start":{"line":35,"column":28},"end":{"line":35,"column":63}},"18":{"start":{"line":37,"column":12},"end":{"line":37,"column":100}},"19":{"start":{"line":37,"column":31},"end":{"line":37,"column":100}},"20":{"start":{"line":38,"column":12},"end":{"line":38,"column":58}},"21":{"start":{"line":40,"column":12},"end":{"line":40,"column":59}},"22":{"start":{"line":45,"column":8},"end":{"line":54,"column":9}},"23":{"start":{"line":46,"column":27},"end":{"line":46,"column":37}},"24":{"start":{"line":47,"column":28},"end":{"line":47,"column":39}},"25":{"start":{"line":48,"column":28},"end":{"line":48,"column":73}},"26":{"start":{"line":50,"column":12},"end":{"line":50,"column":116}},"27":{"start":{"line":50,"column":31},"end":{"line":50,"column":116}},"28":{"start":{"line":51,"column":12},"end":{"line":51,"column":74}},"29":{"start":{"line":53,"column":12},"end":{"line":53,"column":59}},"30":{"start":{"line":58,"column":8},"end":{"line":63,"column":9}},"31":{"start":{"line":59,"column":32},"end":{"line":59,"column":57}},"32":{"start":{"line":60,"column":12},"end":{"line":60,"column":34}},"33":{"start":{"line":62,"column":12},"end":{"line":62,"column":59}},"34":{"start":{"line":67,"column":0},"end":{"line":67,"column":37}}},"fnMap":{"0":{"name":"(anonymous_0)","decl":{"start":{"line":4,"column":4},"end":{"line":4,"column":5}},"loc":{"start":{"line":4,"column":43},"end":{"line":18,"column":5}},"line":4},"1":{"name":"(anonymous_1)","decl":{"start":{"line":21,"column":4},"end":{"line":21,"column":5}},"loc":{"start":{"line":21,"column":44},"end":{"line":29,"column":5}},"line":21},"2":{"name":"(anonymous_2)","decl":{"start":{"line":31,"column":4},"end":{"line":31,"column":5}},"loc":{"start":{"line":31,"column":43},"end":{"line":42,"column":5}},"line":31},"3":{"name":"(anonymous_3)","decl":{"start":{"line":44,"column":4},"end":{"line":44,"column":5}},"loc":{"start":{"line":44,"column":43},"end":{"line":55,"column":5}},"line":44},"4":{"name":"(anonymous_4)","decl":{"start":{"line":57,"column":4},"end":{"line":57,"column":5}},"loc":{"start":{"line":57,"column":45},"end":{"line":64,"column":5}},"line":57}},"branchMap":{"0":{"loc":{"start":{"line":9,"column":12},"end":{"line":11,"column":13}},"type":"if","locations":[{"start":{"line":9,"column":12},"end":{"line":11,"column":13}},{"start":{},"end":{}}],"line":9},"1":{"loc":{"start":{"line":9,"column":16},"end":{"line":9,"column":55}},"type":"binary-expr","locations":[{"start":{"line":9,"column":16},"end":{"line":9,"column":24}},{"start":{"line":9,"column":28},"end":{"line":9,"column":38}},{"start":{"line":9,"column":42},"end":{"line":9,"column":55}}],"line":9},"2":{"loc":{"start":{"line":37,"column":12},"end":{"line":37,"column":100}},"type":"if","locations":[{"start":{"line":37,"column":12},"end":{"line":37,"column":100}},{"start":{},"end":{}}],"line":37},"3":{"loc":{"start":{"line":50,"column":12},"end":{"line":50,"column":116}},"type":"if","locations":[{"start":{"line":50,"column":12},"end":{"line":50,"column":116}},{"start":{},"end":{}}],"line":50}},"s":{"0":1,"1":2,"2":2,"3":2,"4":2,"5":1,"6":1,"7":1,"8":0,"9":1,"10":1,"11":1,"12":1,"13":0,"14":2,"15":2,"16":2,"17":2,"18":2,"19":1,"20":1,"21":0,"22":2,"23":2,"24":2,"25":2,"26":2,"27":1,"28":1,"29":0,"30":0,"31":0,"32":0,"33":0,"34":1},"f":{"0":2,"1":1,"2":2,"3":2,"4":0},"b":{"0":[1,1],"1":[2,1,1],"2":[1,1],"3":[1,1]},"_coverageSchema":"1a1c01bbd47fc00a2c39e90264f33305004495a9","hash":"a65571d00ceb34ec770a10456e3e892dc093e33c"}
,"/media/datos_hdd/ElkaliLinuxx/documentoslinux/tareasena_continuacion/backend/src/controllers/suggestionController.js": {"path":"/media/datos_hdd/ElkaliLinuxx/documentoslinux/tareasena_continuacion/backend/src/controllers/suggestionController.js","statementMap":{"0":{"start":{"line":1,"column":19},"end":{"line":1,"column":50}},"1":{"start":{"line":5,"column":8},"end":{"line":17,"column":9}},"2":{"start":{"line":6,"column":61},"end":{"line":6,"column":69}},"3":{"start":{"line":7,"column":28},"end":{"line":7,"column":39}},"4":{"start":{"line":9,"column":12},"end":{"line":11,"column":13}},"5":{"start":{"line":10,"column":16},"end":{"line":10,"column":92}},"6":{"start":{"line":13,"column":27},"end":{"line":13,"column":97}},"7":{"start":{"line":14,"column":12},"end":{"line":14,"column":106}},"8":{"start":{"line":16,"column":12},"end":{"line":16,"column":59}},"9":{"start":{"line":21,"column":8},"end":{"line":26,"column":9}},"10":{"start":{"line":22,"column":32},"end":{"line":22,"column":58}},"11":{"start":{"line":23,"column":12},"end":{"line":23,"column":34}},"12":{"start":{"line":25,"column":12},"end":{"line":25,"column":59}},"13":{"start":{"line":30,"column":8},"end":{"line":37,"column":9}},"14":{"start":{"line":31,"column":27},"end":{"line":31,"column":37}},"15":{"start":{"line":32,"column":32},"end":{"line":32,"column":69}},"16":{"start":{"line":33,"column":12},"end":{"line":33,"column":104}},"17":{"start":{"line":33,"column":35},"end":{"line":33,"column":104}},"18":{"start":{"line":34,"column":12},"end":{"line":34,"column":69}},"19":{"start":{"line":36,"column":12},"end":{"line":36,"column":59}},"20":{"start":{"line":41,"column":8},"end":{"line":48,"column":9}},"21":{"start":{"line":42,"column":27},"end":{"line":42,"column":37}},"22":{"start":{"line":43,"column":31},"end":{"line":43,"column":58}},"23":{"start":{"line":44,"column":12},"end":{"line":44,"column":103}},"24":{"start":{"line":44,"column":34},"end":{"line":44,"column":103}},"25":{"start":{"line":45,"column":12},"end":{"line":45,"column":67}},"26":{"start":{"line":47,"column":12},"end":{"line":47,"column":59}},"27":{"start":{"line":52,"column":0},"end":{"line":52,"column":38}}},"fnMap":{"0":{"name":"(anonymous_0)","decl":{"start":{"line":4,"column":4},"end":{"line":4,"column":5}},"loc":{"start":{"line":4,"column":44},"end":{"line":18,"column":5}},"line":4},"1":{"name":"(anonymous_1)","decl":{"start":{"line":20,"column":4},"end":{"line":20,"column":5}},"loc":{"start":{"line":20,"column":45},"end":{"line":27,"column":5}},"line":20},"2":{"name":"(anonymous_2)","decl":{"start":{"line":29,"column":4},"end":{"line":29,"column":5}},"loc":{"start":{"line":29,"column":44},"end":{"line":38,"column":5}},"line":29},"3":{"name":"(anonymous_3)","decl":{"start":{"line":40,"column":4},"end":{"line":40,"column":5}},"loc":{"start":{"line":40,"column":44},"end":{"line":49,"column":5}},"line":40}},"branchMap":{"0":{"loc":{"start":{"line":9,"column":12},"end":{"line":11,"column":13}},"type":"if","locations":[{"start":{"line":9,"column":12},"end":{"line":11,"column":13}},{"start":{},"end":{}}],"line":9},"1":{"loc":{"start":{"line":9,"column":16},"end":{"line":9,"column":59}},"type":"binary-expr","locations":[{"start":{"line":9,"column":16},"end":{"line":9,"column":29}},{"start":{"line":9,"column":33},"end":{"line":9,"column":43}},{"start":{"line":9,"column":47},"end":{"line":9,"column":59}}],"line":9},"2":{"loc":{"start":{"line":33,"column":12},"end":{"line":33,"column":104}},"type":"if","locations":[{"start":{"line":33,"column":12},"end":{"line":33,"column":104}},{"start":{},"end":{}}],"line":33},"3":{"loc":{"start":{"line":44,"column":12},"end":{"line":44,"column":103}},"type":"if","locations":[{"start":{"line":44,"column":12},"end":{"line":44,"column":103}},{"start":{},"end":{}}],"line":44}},"s":{"0":0,"1":0,"2":0,"3":0,"4":0,"5":0,"6":0,"7":0,"8":0,"9":0,"10":0,"11":0,"12":0,"13":0,"14":0,"15":0,"16":0,"17":0,"18":0,"19":0,"20":0,"21":0,"22":0,"23":0,"24":0,"25":0,"26":0,"27":0},"f":{"0":0,"1":0,"2":0,"3":0},"b":{"0":[0,0],"1":[0,0,0],"2":[0,0],"3":[0,0]}}
,"/media/datos_hdd/ElkaliLinuxx/documentoslinux/tareasena_continuacion/backend/src/controllers/userController.js": {"path":"/media/datos_hdd/ElkaliLinuxx/documentoslinux/tareasena_continuacion/backend/src/controllers/userController.js","statementMap":{"0":{"start":{"line":1,"column":13},"end":{"line":1,"column":38}},"1":{"start":{"line":5,"column":8},"end":{"line":10,"column":9}},"2":{"start":{"line":6,"column":26},"end":{"line":6,"column":46}},"3":{"start":{"line":7,"column":12},"end":{"line":7,"column":28}},"4":{"start":{"line":9,"column":12},"end":{"line":9,"column":59}},"5":{"start":{"line":14,"column":8},"end":{"line":20,"column":9}},"6":{"start":{"line":15,"column":25},"end":{"line":15,"column":59}},"7":{"start":{"line":16,"column":12},"end":{"line":16,"column":89}},"8":{"start":{"line":16,"column":23},"end":{"line":16,"column":89}},"9":{"start":{"line":17,"column":12},"end":{"line":17,"column":27}},"10":{"start":{"line":19,"column":12},"end":{"line":19,"column":59}},"11":{"start":{"line":24,"column":8},"end":{"line":34,"column":9}},"12":{"start":{"line":25,"column":46},"end":{"line":25,"column":54}},"13":{"start":{"line":26,"column":12},"end":{"line":28,"column":13}},"14":{"start":{"line":27,"column":16},"end":{"line":27,"column":102}},"15":{"start":{"line":30,"column":30},"end":{"line":30,"column":70}},"16":{"start":{"line":31,"column":12},"end":{"line":31,"column":96}},"17":{"start":{"line":33,"column":12},"end":{"line":33,"column":96}},"18":{"start":{"line":38,"column":8},"end":{"line":45,"column":9}},"19":{"start":{"line":39,"column":36},"end":{"line":39,"column":44}},"20":{"start":{"line":40,"column":28},"end":{"line":40,"column":73}},"21":{"start":{"line":41,"column":12},"end":{"line":41,"column":113}},"22":{"start":{"line":41,"column":31},"end":{"line":41,"column":113}},"23":{"start":{"line":42,"column":12},"end":{"line":42,"column":71}},"24":{"start":{"line":44,"column":12},"end":{"line":44,"column":59}},"25":{"start":{"line":49,"column":8},"end":{"line":63,"column":9}},"26":{"start":{"line":50,"column":53},"end":{"line":50,"column":61}},"27":{"start":{"line":51,"column":27},"end":{"line":51,"column":40}},"28":{"start":{"line":52,"column":27},"end":{"line":52,"column":44}},"29":{"start":{"line":54,"column":28},"end":{"line":54,"column":78}},"30":{"start":{"line":55,"column":12},"end":{"line":55,"column":105}},"31":{"start":{"line":55,"column":26},"end":{"line":55,"column":105}},"32":{"start":{"line":57,"column":35},"end":{"line":57,"column":69}},"33":{"start":{"line":58,"column":12},"end":{"line":58,"column":62}},"34":{"start":{"line":60,"column":12},"end":{"line":60,"column":73}},"35":{"start":{"line":62,"column":12},"end":{"line":62,"column":59}},"36":{"start":{"line":67,"column":8},"end":{"line":73,"column":9}},"37":{"start":{"line":68,"column":28},"end":{"line":68,"column":60}},"38":{"start":{"line":69,"column":12},"end":{"line":69,"column":109}},"39":{"start":{"line":69,"column":31},"end":{"line":69,"column":109}},"40":{"start":{"line":70,"column":12},"end":{"line":70,"column":69}},"41":{"start":{"line":72,"column":12},"end":{"line":72,"column":59}},"42":{"start":{"line":77,"column":0},"end":{"line":77,"column":32}}},"fnMap":{"0":{"name":"(anonymous_0)","decl":{"start":{"line":4,"column":4},"end":{"line":4,"column":5}},"loc":{"start":{"line":4,"column":39},"end":{"line":11,"column":5}},"line":4},"1":{"name":"(anonymous_1)","decl":{"start":{"line":13,"column":4},"end":{"line":13,"column":5}},"loc":{"start":{"line":13,"column":39},"end":{"line":21,"column":5}},"line":13},"2":{"name":"(anonymous_2)","decl":{"start":{"line":23,"column":4},"end":{"line":23,"column":5}},"loc":{"start":{"line":23,"column":38},"end":{"line":35,"column":5}},"line":23},"3":{"name":"(anonymous_3)","decl":{"start":{"line":37,"column":4},"end":{"line":37,"column":5}},"loc":{"start":{"line":37,"column":38},"end":{"line":46,"column":5}},"line":37},"4":{"name":"(anonymous_4)","decl":{"start":{"line":48,"column":4},"end":{"line":48,"column":5}},"loc":{"start":{"line":48,"column":42},"end":{"line":64,"column":5}},"line":48},"5":{"name":"(anonymous_5)","decl":{"start":{"line":66,"column":4},"end":{"line":66,"column":5}},"loc":{"start":{"line":66,"column":38},"end":{"line":74,"column":5}},"line":66}},"branchMap":{"0":{"loc":{"start":{"line":16,"column":12},"end":{"line":16,"column":89}},"type":"if","locations":[{"start":{"line":16,"column":12},"end":{"line":16,"column":89}},{"start":{},"end":{}}],"line":16},"1":{"loc":{"start":{"line":26,"column":12},"end":{"line":28,"column":13}},"type":"if","locations":[{"start":{"line":26,"column":12},"end":{"line":28,"column":13}},{"start":{},"end":{}}],"line":26},"2":{"loc":{"start":{"line":26,"column":16},"end":{"line":26,"column":44}},"type":"binary-expr","locations":[{"start":{"line":26,"column":16},"end":{"line":26,"column":21}},{"start":{"line":26,"column":25},"end":{"line":26,"column":31}},{"start":{"line":26,"column":35},"end":{"line":26,"column":44}}],"line":26},"3":{"loc":{"start":{"line":41,"column":12},"end":{"line":41,"column":113}},"type":"if","locations":[{"start":{"line":41,"column":12},"end":{"line":41,"column":113}},{"start":{},"end":{}}],"line":41},"4":{"loc":{"start":{"line":55,"column":12},"end":{"line":55,"column":105}},"type":"if","locations":[{"start":{"line":55,"column":12},"end":{"line":55,"column":105}},{"start":{},"end":{}}],"line":55},"5":{"loc":{"start":{"line":69,"column":12},"end":{"line":69,"column":109}},"type":"if","locations":[{"start":{"line":69,"column":12},"end":{"line":69,"column":109}},{"start":{},"end":{}}],"line":69}},"s":{"0":1,"1":0,"2":0,"3":0,"4":0,"5":2,"6":2,"7":2,"8":1,"9":1,"10":0,"11":1,"12":1,"13":1,"14":0,"15":1,"16":1,"17":0,"18":2,"19":2,"20":2,"21":2,"22":1,"23":1,"24":0,"25":0,"26":0,"27":0,"28":0,"29":0,"30":0,"31":0,"32":0,"33":0,"34":0,"35":0,"36":2,"37":2,"38":2,"39":1,"40":1,"41":0,"42":1},"f":{"0":0,"1":2,"2":1,"3":2,"4":0,"5":2},"b":{"0":[1,1],"1":[0,1],"2":[1,1,1],"3":[1,1],"4":[0,0],"5":[1,1]},"_coverageSchema":"1a1c01bbd47fc00a2c39e90264f33305004495a9","hash":"0e7fe8709f4c4d63d22e7e756860117f805b528c"}
,"/media/datos_hdd/ElkaliLinuxx/documentoslinux/tareasena_continuacion/backend/src/middleware/authMiddleware.js": {"path":"/media/datos_hdd/ElkaliLinuxx/documentoslinux/tareasena_continuacion/backend/src/middleware/authMiddleware.js","statementMap":{"0":{"start":{"line":1,"column":12},"end":{"line":1,"column":35}},"1":{"start":{"line":2,"column":19},"end":{"line":2,"column":41}},"2":{"start":{"line":5,"column":23},"end":{"line":5,"column":51}},"3":{"start":{"line":7,"column":4},"end":{"line":9,"column":5}},"4":{"start":{"line":8,"column":8},"end":{"line":8,"column":96}},"5":{"start":{"line":11,"column":18},"end":{"line":11,"column":42}},"6":{"start":{"line":13,"column":4},"end":{"line":15,"column":5}},"7":{"start":{"line":14,"column":8},"end":{"line":14,"column":78}},"8":{"start":{"line":17,"column":4},"end":{"line":23,"column":5}},"9":{"start":{"line":18,"column":24},"end":{"line":18,"column":53}},"10":{"start":{"line":19,"column":8},"end":{"line":19,"column":27}},"11":{"start":{"line":20,"column":8},"end":{"line":20,"column":15}},"12":{"start":{"line":22,"column":8},"end":{"line":22,"column":78}},"13":{"start":{"line":27,"column":4},"end":{"line":33,"column":7}},"14":{"start":{"line":28,"column":8},"end":{"line":32,"column":9}},"15":{"start":{"line":29,"column":12},"end":{"line":29,"column":19}},"16":{"start":{"line":31,"column":12},"end":{"line":31,"column":112}},"17":{"start":{"line":36,"column":0},"end":{"line":36,"column":46}}},"fnMap":{"0":{"name":"verifyToken","decl":{"start":{"line":4,"column":9},"end":{"line":4,"column":20}},"loc":{"start":{"line":4,"column":37},"end":{"line":24,"column":1}},"line":4},"1":{"name":"verifyAdmin","decl":{"start":{"line":26,"column":9},"end":{"line":26,"column":20}},"loc":{"start":{"line":26,"column":37},"end":{"line":34,"column":1}},"line":26},"2":{"name":"(anonymous_2)","decl":{"start":{"line":27,"column":26},"end":{"line":27,"column":27}},"loc":{"start":{"line":27,"column":32},"end":{"line":33,"column":5}},"line":27}},"branchMap":{"0":{"loc":{"start":{"line":7,"column":4},"end":{"line":9,"column":5}},"type":"if","locations":[{"start":{"line":7,"column":4},"end":{"line":9,"column":5}},{"start":{},"end":{}}],"line":7},"1":{"loc":{"start":{"line":13,"column":4},"end":{"line":15,"column":5}},"type":"if","locations":[{"start":{"line":13,"column":4},"end":{"line":15,"column":5}},{"start":{},"end":{}}],"line":13},"2":{"loc":{"start":{"line":28,"column":8},"end":{"line":32,"column":9}},"type":"if","locations":[{"start":{"line":28,"column":8},"end":{"line":32,"column":9}},{"start":{"line":30,"column":15},"end":{"line":32,"column":9}}],"line":28},"3":{"loc":{"start":{"line":28,"column":12},"end":{"line":28,"column":49}},"type":"binary-expr","locations":[{"start":{"line":28,"column":12},"end":{"line":28,"column":20}},{"start":{"line":28,"column":24},"end":{"line":28,"column":49}}],"line":28}},"s":{"0":1,"1":1,"2":6,"3":6,"4":1,"5":5,"6":5,"7":1,"8":4,"9":4,"10":3,"11":3,"12":1,"13":2,"14":2,"15":1,"16":1,"17":1},"f":{"0":6,"1":2,"2":2},"b":{"0":[1,5],"1":[1,4],"2":[1,1],"3":[2,2]},"_coverageSchema":"1a1c01bbd47fc00a2c39e90264f33305004495a9","hash":"690367a27c98a213546ffc020c9d566363babf4b"}
,"/media/datos_hdd/ElkaliLinuxx/documentoslinux/tareasena_continuacion/backend/src/middleware/errorMiddleware.js": {"path":"/media/datos_hdd/ElkaliLinuxx/documentoslinux/tareasena_continuacion/backend/src/middleware/errorMiddleware.js","statementMap":{"0":{"start":{"line":2,"column":4},"end":{"line":2,"column":29}},"1":{"start":{"line":3,"column":19},"end":{"line":3,"column":36}},"2":{"start":{"line":4,"column":20},"end":{"line":4,"column":63}},"3":{"start":{"line":5,"column":4},"end":{"line":5,"column":63}},"4":{"start":{"line":7,"column":0},"end":{"line":7,"column":30}}},"fnMap":{"0":{"name":"errorHandler","decl":{"start":{"line":1,"column":9},"end":{"line":1,"column":21}},"loc":{"start":{"line":1,"column":43},"end":{"line":6,"column":1}},"line":1}},"branchMap":{"0":{"loc":{"start":{"line":3,"column":19},"end":{"line":3,"column":36}},"type":"binary-expr","locations":[{"start":{"line":3,"column":19},"end":{"line":3,"column":29}},{"start":{"line":3,"column":33},"end":{"line":3,"column":36}}],"line":3},"1":{"loc":{"start":{"line":4,"column":20},"end":{"line":4,"column":63}},"type":"binary-expr","locations":[{"start":{"line":4,"column":20},"end":{"line":4,"column":31}},{"start":{"line":4,"column":35},"end":{"line":4,"column":63}}],"line":4}},"s":{"0":0,"1":0,"2":0,"3":0,"4":0},"f":{"0":0},"b":{"0":[0,0],"1":[0,0]}}
,"/media/datos_hdd/ElkaliLinuxx/documentoslinux/tareasena_continuacion/backend/src/models/Itinerary.js": {"path":"/media/datos_hdd/ElkaliLinuxx/documentoslinux/tareasena_continuacion/backend/src/models/Itinerary.js","statementMap":{"0":{"start":{"line":1,"column":11},"end":{"line":1,"column":43}},"1":{"start":{"line":5,"column":8},"end":{"line":14,"column":11}},"2":{"start":{"line":6,"column":12},"end":{"line":13,"column":14}},"3":{"start":{"line":10,"column":20},"end":{"line":10,"column":41}},"4":{"start":{"line":10,"column":29},"end":{"line":10,"column":41}},"5":{"start":{"line":11,"column":20},"end":{"line":11,"column":41}},"6":{"start":{"line":19,"column":8},"end":{"line":24,"column":11}},"7":{"start":{"line":20,"column":12},"end":{"line":23,"column":15}},"8":{"start":{"line":21,"column":16},"end":{"line":21,"column":37}},"9":{"start":{"line":21,"column":25},"end":{"line":21,"column":37}},"10":{"start":{"line":22,"column":16},"end":{"line":22,"column":30}},"11":{"start":{"line":28,"column":8},"end":{"line":33,"column":11}},"12":{"start":{"line":29,"column":12},"end":{"line":32,"column":15}},"13":{"start":{"line":30,"column":16},"end":{"line":31,"column":43}},"14":{"start":{"line":30,"column":25},"end":{"line":30,"column":37}},"15":{"start":{"line":31,"column":21},"end":{"line":31,"column":43}},"16":{"start":{"line":37,"column":23},"end":{"line":37,"column":25}},"17":{"start":{"line":38,"column":23},"end":{"line":38,"column":25}},"18":{"start":{"line":40,"column":8},"end":{"line":45,"column":9}},"19":{"start":{"line":41,"column":12},"end":{"line":44,"column":13}},"20":{"start":{"line":42,"column":16},"end":{"line":42,"column":42}},"21":{"start":{"line":43,"column":16},"end":{"line":43,"column":39}},"22":{"start":{"line":47,"column":8},"end":{"line":47,"column":59}},"23":{"start":{"line":47,"column":33},"end":{"line":47,"column":59}},"24":{"start":{"line":49,"column":8},"end":{"line":49,"column":33}},"25":{"start":{"line":50,"column":20},"end":{"line":50,"column":94}},"26":{"start":{"line":52,"column":8},"end":{"line":57,"column":11}},"27":{"start":{"line":53,"column":12},"end":{"line":56,"column":15}},"28":{"start":{"line":54,"column":16},"end":{"line":55,"column":43}},"29":{"start":{"line":54,"column":25},"end":{"line":54,"column":37}},"30":{"start":{"line":55,"column":21},"end":{"line":55,"column":43}},"31":{"start":{"line":61,"column":8},"end":{"line":72,"column":11}},"32":{"start":{"line":62,"column":24},"end":{"line":67,"column":13}},"33":{"start":{"line":68,"column":12},"end":{"line":71,"column":15}},"34":{"start":{"line":69,"column":16},"end":{"line":69,"column":37}},"35":{"start":{"line":69,"column":25},"end":{"line":69,"column":37}},"36":{"start":{"line":70,"column":16},"end":{"line":70,"column":30}},"37":{"start":{"line":76,"column":0},"end":{"line":76,"column":27}}},"fnMap":{"0":{"name":"(anonymous_0)","decl":{"start":{"line":4,"column":4},"end":{"line":4,"column":5}},"loc":{"start":{"line":4,"column":124},"end":{"line":15,"column":5}},"line":4},"1":{"name":"(anonymous_1)","decl":{"start":{"line":5,"column":27},"end":{"line":5,"column":28}},"loc":{"start":{"line":5,"column":48},"end":{"line":14,"column":9}},"line":5},"2":{"name":"(anonymous_2)","decl":{"start":{"line":9,"column":16},"end":{"line":9,"column":17}},"loc":{"start":{"line":9,"column":31},"end":{"line":12,"column":17}},"line":9},"3":{"name":"(anonymous_3)","decl":{"start":{"line":18,"column":4},"end":{"line":18,"column":5}},"loc":{"start":{"line":18,"column":33},"end":{"line":25,"column":5}},"line":18},"4":{"name":"(anonymous_4)","decl":{"start":{"line":19,"column":27},"end":{"line":19,"column":28}},"loc":{"start":{"line":19,"column":48},"end":{"line":24,"column":9}},"line":19},"5":{"name":"(anonymous_5)","decl":{"start":{"line":20,"column":77},"end":{"line":20,"column":78}},"loc":{"start":{"line":20,"column":92},"end":{"line":23,"column":13}},"line":20},"6":{"name":"(anonymous_6)","decl":{"start":{"line":27,"column":4},"end":{"line":27,"column":5}},"loc":{"start":{"line":27,"column":31},"end":{"line":34,"column":5}},"line":27},"7":{"name":"(anonymous_7)","decl":{"start":{"line":28,"column":27},"end":{"line":28,"column":28}},"loc":{"start":{"line":28,"column":48},"end":{"line":33,"column":9}},"line":28},"8":{"name":"(anonymous_8)","decl":{"start":{"line":29,"column":90},"end":{"line":29,"column":91}},"loc":{"start":{"line":29,"column":105},"end":{"line":32,"column":13}},"line":29},"9":{"name":"(anonymous_9)","decl":{"start":{"line":36,"column":4},"end":{"line":36,"column":5}},"loc":{"start":{"line":36,"column":37},"end":{"line":58,"column":5}},"line":36},"10":{"name":"(anonymous_10)","decl":{"start":{"line":52,"column":27},"end":{"line":52,"column":28}},"loc":{"start":{"line":52,"column":48},"end":{"line":57,"column":9}},"line":52},"11":{"name":"(anonymous_11)","decl":{"start":{"line":53,"column":32},"end":{"line":53,"column":33}},"loc":{"start":{"line":53,"column":47},"end":{"line":56,"column":13}},"line":53},"12":{"name":"(anonymous_12)","decl":{"start":{"line":60,"column":4},"end":{"line":60,"column":5}},"loc":{"start":{"line":60,"column":21},"end":{"line":73,"column":5}},"line":60},"13":{"name":"(anonymous_13)","decl":{"start":{"line":61,"column":27},"end":{"line":61,"column":28}},"loc":{"start":{"line":61,"column":48},"end":{"line":72,"column":9}},"line":61},"14":{"name":"(anonymous_14)","decl":{"start":{"line":68,"column":28},"end":{"line":68,"column":29}},"loc":{"start":{"line":68,"column":43},"end":{"line":71,"column":13}},"line":68}},"branchMap":{"0":{"loc":{"start":{"line":10,"column":20},"end":{"line":10,"column":41}},"type":"if","locations":[{"start":{"line":10,"column":20},"end":{"line":10,"column":41}},{"start":{},"end":{}}],"line":10},"1":{"loc":{"start":{"line":21,"column":16},"end":{"line":21,"column":37}},"type":"if","locations":[{"start":{"line":21,"column":16},"end":{"line":21,"column":37}},{"start":{},"end":{}}],"line":21},"2":{"loc":{"start":{"line":30,"column":16},"end":{"line":31,"column":43}},"type":"if","locations":[{"start":{"line":30,"column":16},"end":{"line":31,"column":43}},{"start":{"line":31,"column":21},"end":{"line":31,"column":43}}],"line":30},"3":{"loc":{"start":{"line":41,"column":12},"end":{"line":44,"column":13}},"type":"if","locations":[{"start":{"line":41,"column":12},"end":{"line":44,"column":13}},{"start":{},"end":{}}],"line":41},"4":{"loc":{"start":{"line":47,"column":8},"end":{"line":47,"column":59}},"type":"if","locations":[{"start":{"line":47,"column":8},"end":{"line":47,"column":59}},{"start":{},"end":{}}],"line":47},"5":{"loc":{"start":{"line":54,"column":16},"end":{"line":55,"column":43}},"type":"if","locations":[{"start":{"line":54,"column":16},"end":{"line":55,"column":43}},{"start":{"line":55,"column":21},"end":{"line":55,"column":43}}],"line":54},"6":{"loc":{"start":{"line":69,"column":16},"end":{"line":69,"column":37}},"type":"if","locations":[{"start":{"line":69,"column":16},"end":{"line":69,"column":37}},{"start":{},"end":{}}],"line":69}},"s":{"0":2,"1":4,"2":4,"3":4,"4":0,"5":4,"6":1,"7":1,"8":1,"9":0,"10":1,"11":2,"12":2,"13":2,"14":0,"15":2,"16":2,"17":2,"18":2,"19":2,"20":2,"21":2,"22":2,"23":1,"24":1,"25":1,"26":1,"27":1,"28":1,"29":0,"30":1,"31":1,"32":1,"33":1,"34":1,"35":0,"36":1,"37":2},"f":{"0":4,"1":4,"2":4,"3":1,"4":1,"5":1,"6":2,"7":2,"8":2,"9":2,"10":1,"11":1,"12":1,"13":1,"14":1},"b":{"0":[0,4],"1":[0,1],"2":[0,2],"3":[2,0],"4":[1,1],"5":[0,1],"6":[0,1]},"_coverageSchema":"1a1c01bbd47fc00a2c39e90264f33305004495a9","hash":"b9cf369addc12bae03fb9eeca2273d3d10525bff"}
,"/media/datos_hdd/ElkaliLinuxx/documentoslinux/tareasena_continuacion/backend/src/models/Suggestion.js": {"path":"/media/datos_hdd/ElkaliLinuxx/documentoslinux/tareasena_continuacion/backend/src/models/Suggestion.js","statementMap":{"0":{"start":{"line":1,"column":18},"end":{"line":1,"column":42}},"1":{"start":{"line":2,"column":13},"end":{"line":2,"column":28}},"2":{"start":{"line":5,"column":15},"end":{"line":5,"column":69}},"3":{"start":{"line":6,"column":11},"end":{"line":6,"column":35}},"4":{"start":{"line":10,"column":30},"end":{"line":16,"column":9}},"5":{"start":{"line":17,"column":8},"end":{"line":17,"column":46}},"6":{"start":{"line":21,"column":8},"end":{"line":21,"column":57}},"7":{"start":{"line":25,"column":8},"end":{"line":25,"column":42}},"8":{"start":{"line":29,"column":57},"end":{"line":29,"column":61}},"9":{"start":{"line":30,"column":8},"end":{"line":33,"column":10}},"10":{"start":{"line":37,"column":8},"end":{"line":37,"column":44}},"11":{"start":{"line":41,"column":0},"end":{"line":41,"column":28}}},"fnMap":{"0":{"name":"(anonymous_0)","decl":{"start":{"line":9,"column":4},"end":{"line":9,"column":5}},"loc":{"start":{"line":9,"column":71},"end":{"line":18,"column":5}},"line":9},"1":{"name":"(anonymous_1)","decl":{"start":{"line":20,"column":4},"end":{"line":20,"column":5}},"loc":{"start":{"line":20,"column":27},"end":{"line":22,"column":5}},"line":20},"2":{"name":"(anonymous_2)","decl":{"start":{"line":24,"column":4},"end":{"line":24,"column":5}},"loc":{"start":{"line":24,"column":39},"end":{"line":26,"column":5}},"line":24},"3":{"name":"(anonymous_3)","decl":{"start":{"line":28,"column":4},"end":{"line":28,"column":5}},"loc":{"start":{"line":28,"column":34},"end":{"line":34,"column":5}},"line":28},"4":{"name":"(anonymous_4)","decl":{"start":{"line":36,"column":4},"end":{"line":36,"column":5}},"loc":{"start":{"line":36,"column":28},"end":{"line":38,"column":5}},"line":36}},"branchMap":{},"s":{"0":1,"1":1,"2":1,"3":1,"4":1,"5":1,"6":1,"7":0,"8":1,"9":1,"10":2,"11":1},"f":{"0":1,"1":1,"2":0,"3":1,"4":2},"b":{},"_coverageSchema":"1a1c01bbd47fc00a2c39e90264f33305004495a9","hash":"b6f3b7b4d8275d7b521c5e4d3cd0b463e95f1549"}
,"/media/datos_hdd/ElkaliLinuxx/documentoslinux/tareasena_continuacion/backend/src/models/User.js": {"path":"/media/datos_hdd/ElkaliLinuxx/documentoslinux/tareasena_continuacion/backend/src/models/User.js","statementMap":{"0":{"start":{"line":1,"column":11},"end":{"line":1,"column":43}},"1":{"start":{"line":2,"column":15},"end":{"line":2,"column":32}},"2":{"start":{"line":6,"column":8},"end":{"line":11,"column":11}},"3":{"start":{"line":7,"column":12},"end":{"line":10,"column":15}},"4":{"start":{"line":8,"column":16},"end":{"line":8,"column":37}},"5":{"start":{"line":8,"column":25},"end":{"line":8,"column":37}},"6":{"start":{"line":9,"column":16},"end":{"line":9,"column":29}},"7":{"start":{"line":15,"column":8},"end":{"line":20,"column":11}},"8":{"start":{"line":16,"column":12},"end":{"line":19,"column":15}},"9":{"start":{"line":17,"column":16},"end":{"line":17,"column":37}},"10":{"start":{"line":17,"column":25},"end":{"line":17,"column":37}},"11":{"start":{"line":18,"column":16},"end":{"line":18,"column":30}},"12":{"start":{"line":24,"column":8},"end":{"line":29,"column":11}},"13":{"start":{"line":25,"column":12},"end":{"line":28,"column":15}},"14":{"start":{"line":26,"column":16},"end":{"line":26,"column":37}},"15":{"start":{"line":26,"column":25},"end":{"line":26,"column":37}},"16":{"start":{"line":27,"column":16},"end":{"line":27,"column":29}},"17":{"start":{"line":33,"column":31},"end":{"line":33,"column":62}},"18":{"start":{"line":35,"column":8},"end":{"line":44,"column":11}},"19":{"start":{"line":36,"column":12},"end":{"line":43,"column":14}},"20":{"start":{"line":40,"column":20},"end":{"line":40,"column":41}},"21":{"start":{"line":40,"column":29},"end":{"line":40,"column":41}},"22":{"start":{"line":41,"column":20},"end":{"line":41,"column":41}},"23":{"start":{"line":48,"column":8},"end":{"line":57,"column":11}},"24":{"start":{"line":49,"column":12},"end":{"line":56,"column":14}},"25":{"start":{"line":53,"column":20},"end":{"line":53,"column":41}},"26":{"start":{"line":53,"column":29},"end":{"line":53,"column":41}},"27":{"start":{"line":54,"column":20},"end":{"line":54,"column":42}},"28":{"start":{"line":61,"column":8},"end":{"line":66,"column":11}},"29":{"start":{"line":62,"column":12},"end":{"line":65,"column":15}},"30":{"start":{"line":63,"column":16},"end":{"line":63,"column":37}},"31":{"start":{"line":63,"column":25},"end":{"line":63,"column":37}},"32":{"start":{"line":64,"column":16},"end":{"line":64,"column":38}},"33":{"start":{"line":70,"column":8},"end":{"line":75,"column":11}},"34":{"start":{"line":71,"column":12},"end":{"line":74,"column":15}},"35":{"start":{"line":72,"column":16},"end":{"line":72,"column":37}},"36":{"start":{"line":72,"column":25},"end":{"line":72,"column":37}},"37":{"start":{"line":73,"column":16},"end":{"line":73,"column":29}},"38":{"start":{"line":79,"column":21},"end":{"line":79,"column":52}},"39":{"start":{"line":80,"column":8},"end":{"line":80,"column":32}},"40":{"start":{"line":80,"column":19},"end":{"line":80,"column":32}},"41":{"start":{"line":81,"column":8},"end":{"line":81,"column":61}},"42":{"start":{"line":85,"column":8},"end":{"line":94,"column":11}},"43":{"start":{"line":86,"column":12},"end":{"line":93,"column":14}},"44":{"start":{"line":90,"column":20},"end":{"line":91,"column":47}},"45":{"start":{"line":90,"column":29},"end":{"line":90,"column":41}},"46":{"start":{"line":91,"column":25},"end":{"line":91,"column":47}},"47":{"start":{"line":98,"column":0},"end":{"line":98,"column":22}}},"fnMap":{"0":{"name":"(anonymous_0)","decl":{"start":{"line":5,"column":4},"end":{"line":5,"column":5}},"loc":{"start":{"line":5,"column":30},"end":{"line":12,"column":5}},"line":5},"1":{"name":"(anonymous_1)","decl":{"start":{"line":6,"column":27},"end":{"line":6,"column":28}},"loc":{"start":{"line":6,"column":48},"end":{"line":11,"column":9}},"line":6},"2":{"name":"(anonymous_2)","decl":{"start":{"line":7,"column":67},"end":{"line":7,"column":68}},"loc":{"start":{"line":7,"column":81},"end":{"line":10,"column":13}},"line":7},"3":{"name":"(anonymous_3)","decl":{"start":{"line":14,"column":4},"end":{"line":14,"column":5}},"loc":{"start":{"line":14,"column":21},"end":{"line":21,"column":5}},"line":14},"4":{"name":"(anonymous_4)","decl":{"start":{"line":15,"column":27},"end":{"line":15,"column":28}},"loc":{"start":{"line":15,"column":48},"end":{"line":20,"column":9}},"line":15},"5":{"name":"(anonymous_5)","decl":{"start":{"line":16,"column":66},"end":{"line":16,"column":67}},"loc":{"start":{"line":16,"column":81},"end":{"line":19,"column":13}},"line":16},"6":{"name":"(anonymous_6)","decl":{"start":{"line":23,"column":4},"end":{"line":23,"column":5}},"loc":{"start":{"line":23,"column":24},"end":{"line":30,"column":5}},"line":23},"7":{"name":"(anonymous_7)","decl":{"start":{"line":24,"column":27},"end":{"line":24,"column":28}},"loc":{"start":{"line":24,"column":48},"end":{"line":29,"column":9}},"line":24},"8":{"name":"(anonymous_8)","decl":{"start":{"line":25,"column":81},"end":{"line":25,"column":82}},"loc":{"start":{"line":25,"column":95},"end":{"line":28,"column":13}},"line":25},"9":{"name":"(anonymous_9)","decl":{"start":{"line":32,"column":4},"end":{"line":32,"column":5}},"loc":{"start":{"line":32,"column":62},"end":{"line":45,"column":5}},"line":32},"10":{"name":"(anonymous_10)","decl":{"start":{"line":35,"column":27},"end":{"line":35,"column":28}},"loc":{"start":{"line":35,"column":48},"end":{"line":44,"column":9}},"line":35},"11":{"name":"(anonymous_11)","decl":{"start":{"line":39,"column":16},"end":{"line":39,"column":17}},"loc":{"start":{"line":39,"column":31},"end":{"line":42,"column":17}},"line":39},"12":{"name":"(anonymous_12)","decl":{"start":{"line":47,"column":4},"end":{"line":47,"column":5}},"loc":{"start":{"line":47,"column":35},"end":{"line":58,"column":5}},"line":47},"13":{"name":"(anonymous_13)","decl":{"start":{"line":48,"column":27},"end":{"line":48,"column":28}},"loc":{"start":{"line":48,"column":48},"end":{"line":57,"column":9}},"line":48},"14":{"name":"(anonymous_14)","decl":{"start":{"line":52,"column":16},"end":{"line":52,"column":17}},"loc":{"start":{"line":52,"column":31},"end":{"line":55,"column":17}},"line":52},"15":{"name":"(anonymous_15)","decl":{"start":{"line":60,"column":4},"end":{"line":60,"column":5}},"loc":{"start":{"line":60,"column":22},"end":{"line":67,"column":5}},"line":60},"16":{"name":"(anonymous_16)","decl":{"start":{"line":61,"column":27},"end":{"line":61,"column":28}},"loc":{"start":{"line":61,"column":48},"end":{"line":66,"column":9}},"line":61},"17":{"name":"(anonymous_17)","decl":{"start":{"line":62,"column":59},"end":{"line":62,"column":60}},"loc":{"start":{"line":62,"column":74},"end":{"line":65,"column":13}},"line":62},"18":{"name":"(anonymous_18)","decl":{"start":{"line":69,"column":4},"end":{"line":69,"column":5}},"loc":{"start":{"line":69,"column":32},"end":{"line":76,"column":5}},"line":69},"19":{"name":"(anonymous_19)","decl":{"start":{"line":70,"column":27},"end":{"line":70,"column":28}},"loc":{"start":{"line":70,"column":48},"end":{"line":75,"column":9}},"line":70},"20":{"name":"(anonymous_20)","decl":{"start":{"line":71,"column":91},"end":{"line":71,"column":92}},"loc":{"start":{"line":71,"column":105},"end":{"line":74,"column":13}},"line":71},"21":{"name":"(anonymous_21)","decl":{"start":{"line":78,"column":4},"end":{"line":78,"column":5}},"loc":{"start":{"line":78,"column":46},"end":{"line":82,"column":5}},"line":78},"22":{"name":"(anonymous_22)","decl":{"start":{"line":84,"column":4},"end":{"line":84,"column":5}},"loc":{"start":{"line":84,"column":43},"end":{"line":95,"column":5}},"line":84},"23":{"name":"(anonymous_23)","decl":{"start":{"line":85,"column":27},"end":{"line":85,"column":28}},"loc":{"start":{"line":85,"column":48},"end":{"line":94,"column":9}},"line":85},"24":{"name":"(anonymous_24)","decl":{"start":{"line":89,"column":16},"end":{"line":89,"column":17}},"loc":{"start":{"line":89,"column":31},"end":{"line":92,"column":17}},"line":89}},"branchMap":{"0":{"loc":{"start":{"line":8,"column":16},"end":{"line":8,"column":37}},"type":"if","locations":[{"start":{"line":8,"column":16},"end":{"line":8,"column":37}},{"start":{},"end":{}}],"line":8},"1":{"loc":{"start":{"line":17,"column":16},"end":{"line":17,"column":37}},"type":"if","locations":[{"start":{"line":17,"column":16},"end":{"line":17,"column":37}},{"start":{},"end":{}}],"line":17},"2":{"loc":{"start":{"line":26,"column":16},"end":{"line":26,"column":37}},"type":"if","locations":[{"start":{"line":26,"column":16},"end":{"line":26,"column":37}},{"start":{},"end":{}}],"line":26},"3":{"loc":{"start":{"line":32,"column":47},"end":{"line":32,"column":60}},"type":"default-arg","locations":[{"start":{"line":32,"column":54},"end":{"line":32,"column":60}}],"line":32},"4":{"loc":{"start":{"line":40,"column":20},"end":{"line":40,"column":41}},"type":"if","locations":[{"start":{"line":40,"column":20},"end":{"line":40,"column":41}},{"start":{},"end":{}}],"line":40},"5":{"loc":{"start":{"line":53,"column":20},"end":{"line":53,"column":41}},"type":"if","locations":[{"start":{"line":53,"column":20},"end":{"line":53,"column":41}},{"start":{},"end":{}}],"line":53},"6":{"loc":{"start":{"line":63,"column":16},"end":{"line":63,"column":37}},"type":"if","locations":[{"start":{"line":63,"column":16},"end":{"line":63,"column":37}},{"start":{},"end":{}}],"line":63},"7":{"loc":{"start":{"line":72,"column":16},"end":{"line":72,"column":37}},"type":"if","locations":[{"start":{"line":72,"column":16},"end":{"line":72,"column":37}},{"start":{},"end":{}}],"line":72},"8":{"loc":{"start":{"line":80,"column":8},"end":{"line":80,"column":32}},"type":"if","locations":[{"start":{"line":80,"column":8},"end":{"line":80,"column":32}},{"start":{},"end":{}}],"line":80},"9":{"loc":{"start":{"line":90,"column":20},"end":{"line":91,"column":47}},"type":"if","locations":[{"start":{"line":90,"column":20},"end":{"line":91,"column":47}},{"start":{"line":91,"column":25},"end":{"line":91,"column":47}}],"line":90}},"s":{"0":3,"1":3,"2":6,"3":6,"4":6,"5":0,"6":6,"7":1,"8":1,"9":1,"10":0,"11":1,"12":2,"13":2,"14":2,"15":0,"16":2,"17":7,"18":7,"19":7,"20":7,"21":1,"22":7,"23":1,"24":1,"25":1,"26":0,"27":1,"28":1,"29":1,"30":1,"31":0,"32":1,"33":2,"34":2,"35":2,"36":0,"37":2,"38":2,"39":2,"40":0,"41":2,"42":0,"43":0,"44":0,"45":0,"46":0,"47":3},"f":{"0":6,"1":6,"2":6,"3":1,"4":1,"5":1,"6":2,"7":2,"8":2,"9":7,"10":7,"11":7,"12":1,"13":1,"14":1,"15":1,"16":1,"17":1,"18":2,"19":2,"20":2,"21":2,"22":0,"23":0,"24":0},"b":{"0":[0,6],"1":[0,1],"2":[0,2],"3":[7],"4":[1,6],"5":[0,1],"6":[0,1],"7":[0,2],"8":[0,2],"9":[0,0]},"_coverageSchema":"1a1c01bbd47fc00a2c39e90264f33305004495a9","hash":"dec96d00d413956a78aee8f0dff13df7adef5876"}
,"/media/datos_hdd/ElkaliLinuxx/documentoslinux/tareasena_continuacion/backend/src/routes/authRoutes.js": {"path":"/media/datos_hdd/ElkaliLinuxx/documentoslinux/tareasena_continuacion/backend/src/routes/authRoutes.js","statementMap":{"0":{"start":{"line":1,"column":16},"end":{"line":1,"column":34}},"1":{"start":{"line":2,"column":23},"end":{"line":2,"column":63}},"2":{"start":{"line":4,"column":15},"end":{"line":4,"column":31}},"3":{"start":{"line":6,"column":0},"end":{"line":6,"column":44}},"4":{"start":{"line":8,"column":0},"end":{"line":8,"column":24}}},"fnMap":{},"branchMap":{},"s":{"0":1,"1":1,"2":1,"3":1,"4":1},"f":{},"b":{},"_coverageSchema":"1a1c01bbd47fc00a2c39e90264f33305004495a9","hash":"1778716507cdc98e9958b1a3f6aba1c86850c328"}
,"/media/datos_hdd/ElkaliLinuxx/documentoslinux/tareasena_continuacion/backend/src/routes/bookingRoutes.js": {"path":"/media/datos_hdd/ElkaliLinuxx/documentoslinux/tareasena_continuacion/backend/src/routes/bookingRoutes.js","statementMap":{"0":{"start":{"line":1,"column":16},"end":{"line":1,"column":34}},"1":{"start":{"line":2,"column":15},"end":{"line":2,"column":31}},"2":{"start":{"line":3,"column":26},"end":{"line":3,"column":69}},"3":{"start":{"line":4,"column":24},"end":{"line":4,"column":63}},"4":{"start":{"line":6,"column":0},"end":{"line":6,"column":63}},"5":{"start":{"line":7,"column":0},"end":{"line":7,"column":64}},"6":{"start":{"line":8,"column":0},"end":{"line":8,"column":68}},"7":{"start":{"line":10,"column":0},"end":{"line":10,"column":24}}},"fnMap":{},"branchMap":{},"s":{"0":1,"1":1,"2":1,"3":1,"4":1,"5":1,"6":1,"7":1},"f":{},"b":{},"_coverageSchema":"1a1c01bbd47fc00a2c39e90264f33305004495a9","hash":"cc4788e5435447142e36c2244bbd5f383c332057"}
,"/media/datos_hdd/ElkaliLinuxx/documentoslinux/tareasena_continuacion/backend/src/routes/itineraryRoutes.js": {"path":"/media/datos_hdd/ElkaliLinuxx/documentoslinux/tareasena_continuacion/backend/src/routes/itineraryRoutes.js","statementMap":{"0":{"start":{"line":1,"column":16},"end":{"line":1,"column":34}},"1":{"start":{"line":2,"column":28},"end":{"line":2,"column":73}},"2":{"start":{"line":3,"column":37},"end":{"line":3,"column":76}},"3":{"start":{"line":5,"column":15},"end":{"line":5,"column":31}},"4":{"start":{"line":7,"column":0},"end":{"line":7,"column":68}},"5":{"start":{"line":8,"column":0},"end":{"line":8,"column":67}},"6":{"start":{"line":9,"column":0},"end":{"line":9,"column":69}},"7":{"start":{"line":10,"column":0},"end":{"line":10,"column":69}},"8":{"start":{"line":11,"column":0},"end":{"line":11,"column":72}},"9":{"start":{"line":13,"column":0},"end":{"line":13,"column":24}}},"fnMap":{},"branchMap":{},"s":{"0":1,"1":1,"2":1,"3":1,"4":1,"5":1,"6":1,"7":1,"8":1,"9":1},"f":{},"b":{},"_coverageSchema":"1a1c01bbd47fc00a2c39e90264f33305004495a9","hash":"d2c3ec0c9454c57ba1bf6a5fb5199ef1746ebd18"}
,"/media/datos_hdd/ElkaliLinuxx/documentoslinux/tareasena_continuacion/backend/src/routes/suggestionRoutes.js": {"path":"/media/datos_hdd/ElkaliLinuxx/documentoslinux/tareasena_continuacion/backend/src/routes/suggestionRoutes.js","statementMap":{"0":{"start":{"line":1,"column":16},"end":{"line":1,"column":34}},"1":{"start":{"line":2,"column":29},"end":{"line":2,"column":75}},"2":{"start":{"line":3,"column":37},"end":{"line":3,"column":76}},"3":{"start":{"line":5,"column":15},"end":{"line":5,"column":31}},"4":{"start":{"line":7,"column":0},"end":{"line":7,"column":56}},"5":{"start":{"line":8,"column":0},"end":{"line":8,"column":69}},"6":{"start":{"line":9,"column":0},"end":{"line":9,"column":71}},"7":{"start":{"line":10,"column":0},"end":{"line":10,"column":74}},"8":{"start":{"line":12,"column":0},"end":{"line":12,"column":24}}},"fnMap":{},"branchMap":{},"s":{"0":0,"1":0,"2":0,"3":0,"4":0,"5":0,"6":0,"7":0,"8":0},"f":{},"b":{}}
,"/media/datos_hdd/ElkaliLinuxx/documentoslinux/tareasena_continuacion/backend/src/routes/userRoutes.js": {"path":"/media/datos_hdd/ElkaliLinuxx/documentoslinux/tareasena_continuacion/backend/src/routes/userRoutes.js","statementMap":{"0":{"start":{"line":1,"column":16},"end":{"line":1,"column":34}},"1":{"start":{"line":2,"column":23},"end":{"line":2,"column":63}},"2":{"start":{"line":3,"column":37},"end":{"line":3,"column":76}},"3":{"start":{"line":5,"column":35},"end":{"line":5,"column":63}},"4":{"start":{"line":7,"column":15},"end":{"line":7,"column":31}},"5":{"start":{"line":9,"column":21},"end":{"line":18,"column":1}},"6":{"start":{"line":14,"column":23},"end":{"line":14,"column":44}},"7":{"start":{"line":15,"column":8},"end":{"line":15,"column":87}},"8":{"start":{"line":15,"column":31},"end":{"line":15,"column":87}},"9":{"start":{"line":16,"column":8},"end":{"line":16,"column":15}},"10":{"start":{"line":20,"column":0},"end":{"line":20,"column":57}},"11":{"start":{"line":21,"column":0},"end":{"line":21,"column":58}},"12":{"start":{"line":23,"column":0},"end":{"line":23,"column":60}},"13":{"start":{"line":24,"column":0},"end":{"line":24,"column":59}},"14":{"start":{"line":25,"column":0},"end":{"line":25,"column":72}},"15":{"start":{"line":26,"column":0},"end":{"line":26,"column":62}},"16":{"start":{"line":28,"column":0},"end":{"line":28,"column":24}}},"fnMap":{"0":{"name":"(anonymous_0)","decl":{"start":{"line":13,"column":4},"end":{"line":13,"column":5}},"loc":{"start":{"line":13,"column":24},"end":{"line":17,"column":5}},"line":13}},"branchMap":{"0":{"loc":{"start":{"line":15,"column":8},"end":{"line":15,"column":87}},"type":"if","locations":[{"start":{"line":15,"column":8},"end":{"line":15,"column":87}},{"start":{},"end":{}}],"line":15}},"s":{"0":1,"1":1,"2":1,"3":1,"4":1,"5":1,"6":3,"7":3,"8":2,"9":1,"10":1,"11":1,"12":1,"13":1,"14":1,"15":1,"16":1},"f":{"0":3},"b":{"0":[2,1]},"_coverageSchema":"1a1c01bbd47fc00a2c39e90264f33305004495a9","hash":"89caa89e9d9943af9616bc1217d2e8ac489fab97"}
}
