TN:
SF:src/controllers/authController.js
FN:8,(anonymous_0)
FNF:1
FNH:1
FNDA:4,(anonymous_0)
DA:1,1
DA:2,1
DA:3,1
DA:5,1
DA:9,4
DA:11,4
DA:12,4
DA:14,4
DA:15,1
DA:18,3
DA:20,3
DA:21,1
DA:24,2
DA:30,2
DA:37,0
DA:38,0
DA:43,1
LF:17
LH:15
BRDA:14,0,0,1
BRDA:14,0,1,3
BRDA:20,1,0,1
BRDA:20,1,1,2
BRF:4
BRH:4
end_of_record
TN:
SF:src/controllers/bookingController.js
FN:4,(anonymous_0)
FN:12,(anonymous_1)
FN:22,(anonymous_2)
FN:25,(anonymous_3)
FN:34,(anonymous_4)
FN:39,(anonymous_5)
FNF:6
FNH:6
FNDA:2,(anonymous_0)
FNDA:2,(anonymous_1)
FNDA:1,(anonymous_2)
FNDA:1,(anonymous_3)
FNDA:2,(anonymous_4)
FNDA:2,(anonymous_5)
DA:1,1
DA:5,2
DA:6,2
DA:7,2
DA:9,2
DA:13,2
DA:14,2
DA:18,0
DA:23,1
DA:24,1
DA:25,1
DA:26,1
DA:27,1
DA:30,0
DA:35,2
DA:36,2
DA:37,2
DA:39,2
DA:40,2
DA:41,2
DA:42,1
DA:45,0
DA:50,1
LF:23
LH:20
BRDA:13,0,0,0
BRDA:13,0,1,2
BRDA:26,1,0,0
BRDA:26,1,1,1
BRDA:40,2,0,0
BRDA:40,2,1,2
BRDA:41,3,0,1
BRDA:41,3,1,1
BRF:8
BRH:5
end_of_record
TN:
SF:src/controllers/itineraryController.js
FN:4,(anonymous_0)
FN:21,(anonymous_1)
FN:31,(anonymous_2)
FN:44,(anonymous_3)
FN:57,(anonymous_4)
FNF:5
FNH:4
FNDA:2,(anonymous_0)
FNDA:1,(anonymous_1)
FNDA:2,(anonymous_2)
FNDA:2,(anonymous_3)
FNDA:0,(anonymous_4)
DA:1,1
DA:5,2
DA:6,2
DA:7,2
DA:9,2
DA:10,1
DA:13,1
DA:14,1
DA:16,0
DA:22,1
DA:23,1
DA:24,1
DA:25,1
DA:27,0
DA:32,2
DA:33,2
DA:34,2
DA:35,2
DA:37,2
DA:38,1
DA:40,0
DA:45,2
DA:46,2
DA:47,2
DA:48,2
DA:50,2
DA:51,1
DA:53,0
DA:58,0
DA:59,0
DA:60,0
DA:62,0
DA:67,1
LF:33
LH:25
BRDA:9,0,0,1
BRDA:9,0,1,1
BRDA:9,1,0,2
BRDA:9,1,1,1
BRDA:9,1,2,1
BRDA:37,2,0,1
BRDA:37,2,1,1
BRDA:50,3,0,1
BRDA:50,3,1,1
BRF:9
BRH:9
end_of_record
TN:
SF:src/controllers/suggestionController.js
FN:4,(anonymous_0)
FN:20,(anonymous_1)
FN:29,(anonymous_2)
FN:40,(anonymous_3)
FNF:4
FNH:0
FNDA:0,(anonymous_0)
FNDA:0,(anonymous_1)
FNDA:0,(anonymous_2)
FNDA:0,(anonymous_3)
DA:1,0
DA:5,0
DA:6,0
DA:7,0
DA:9,0
DA:10,0
DA:13,0
DA:14,0
DA:16,0
DA:21,0
DA:22,0
DA:23,0
DA:25,0
DA:30,0
DA:31,0
DA:32,0
DA:33,0
DA:34,0
DA:36,0
DA:41,0
DA:42,0
DA:43,0
DA:44,0
DA:45,0
DA:47,0
DA:52,0
LF:26
LH:0
BRDA:9,0,0,0
BRDA:9,0,1,0
BRDA:9,1,0,0
BRDA:9,1,1,0
BRDA:9,1,2,0
BRDA:33,2,0,0
BRDA:33,2,1,0
BRDA:44,3,0,0
BRDA:44,3,1,0
BRF:9
BRH:0
end_of_record
TN:
SF:src/controllers/userController.js
FN:4,(anonymous_0)
FN:13,(anonymous_1)
FN:23,(anonymous_2)
FN:37,(anonymous_3)
FN:48,(anonymous_4)
FN:66,(anonymous_5)
FNF:6
FNH:4
FNDA:0,(anonymous_0)
FNDA:2,(anonymous_1)
FNDA:1,(anonymous_2)
FNDA:2,(anonymous_3)
FNDA:0,(anonymous_4)
FNDA:2,(anonymous_5)
DA:1,1
DA:5,0
DA:6,0
DA:7,0
DA:9,0
DA:14,2
DA:15,2
DA:16,2
DA:17,1
DA:19,0
DA:24,1
DA:25,1
DA:26,1
DA:27,0
DA:30,1
DA:31,1
DA:33,0
DA:38,2
DA:39,2
DA:40,2
DA:41,2
DA:42,1
DA:44,0
DA:49,0
DA:50,0
DA:51,0
DA:52,0
DA:54,0
DA:55,0
DA:57,0
DA:58,0
DA:60,0
DA:62,0
DA:67,2
DA:68,2
DA:69,2
DA:70,1
DA:72,0
DA:77,1
LF:39
LH:20
BRDA:16,0,0,1
BRDA:16,0,1,1
BRDA:26,1,0,0
BRDA:26,1,1,1
BRDA:26,2,0,1
BRDA:26,2,1,1
BRDA:26,2,2,1
BRDA:41,3,0,1
BRDA:41,3,1,1
BRDA:55,4,0,0
BRDA:55,4,1,0
BRDA:69,5,0,1
BRDA:69,5,1,1
BRF:13
BRH:10
end_of_record
TN:
SF:src/middleware/authMiddleware.js
FN:4,verifyToken
FN:26,verifyAdmin
FN:27,(anonymous_2)
FNF:3
FNH:3
FNDA:6,verifyToken
FNDA:2,verifyAdmin
FNDA:2,(anonymous_2)
DA:1,1
DA:2,1
DA:5,6
DA:7,6
DA:8,1
DA:11,5
DA:13,5
DA:14,1
DA:17,4
DA:18,4
DA:19,3
DA:20,3
DA:22,1
DA:27,2
DA:28,2
DA:29,1
DA:31,1
DA:36,1
LF:18
LH:18
BRDA:7,0,0,1
BRDA:7,0,1,5
BRDA:13,1,0,1
BRDA:13,1,1,4
BRDA:28,2,0,1
BRDA:28,2,1,1
BRDA:28,3,0,2
BRDA:28,3,1,2
BRF:8
BRH:8
end_of_record
TN:
SF:src/middleware/errorMiddleware.js
FN:1,errorHandler
FNF:1
FNH:0
FNDA:0,errorHandler
DA:2,0
DA:3,0
DA:4,0
DA:5,0
DA:7,0
LF:5
LH:0
BRDA:3,0,0,0
BRDA:3,0,1,0
BRDA:4,1,0,0
BRDA:4,1,1,0
BRF:4
BRH:0
end_of_record
TN:
SF:src/models/Itinerary.js
FN:4,(anonymous_0)
FN:5,(anonymous_1)
FN:9,(anonymous_2)
FN:18,(anonymous_3)
FN:19,(anonymous_4)
FN:20,(anonymous_5)
FN:27,(anonymous_6)
FN:28,(anonymous_7)
FN:29,(anonymous_8)
FN:36,(anonymous_9)
FN:52,(anonymous_10)
FN:53,(anonymous_11)
FN:60,(anonymous_12)
FN:61,(anonymous_13)
FN:68,(anonymous_14)
FNF:15
FNH:15
FNDA:4,(anonymous_0)
FNDA:4,(anonymous_1)
FNDA:4,(anonymous_2)
FNDA:1,(anonymous_3)
FNDA:1,(anonymous_4)
FNDA:1,(anonymous_5)
FNDA:2,(anonymous_6)
FNDA:2,(anonymous_7)
FNDA:2,(anonymous_8)
FNDA:2,(anonymous_9)
FNDA:1,(anonymous_10)
FNDA:1,(anonymous_11)
FNDA:1,(anonymous_12)
FNDA:1,(anonymous_13)
FNDA:1,(anonymous_14)
DA:1,2
DA:5,4
DA:6,4
DA:10,4
DA:11,4
DA:19,1
DA:20,1
DA:21,1
DA:22,1
DA:28,2
DA:29,2
DA:30,2
DA:31,2
DA:37,2
DA:38,2
DA:40,2
DA:41,2
DA:42,2
DA:43,2
DA:47,2
DA:49,1
DA:50,1
DA:52,1
DA:53,1
DA:54,1
DA:55,1
DA:61,1
DA:62,1
DA:68,1
DA:69,1
DA:70,1
DA:76,2
LF:32
LH:32
BRDA:10,0,0,0
BRDA:10,0,1,4
BRDA:21,1,0,0
BRDA:21,1,1,1
BRDA:30,2,0,0
BRDA:30,2,1,2
BRDA:41,3,0,2
BRDA:41,3,1,0
BRDA:47,4,0,1
BRDA:47,4,1,1
BRDA:54,5,0,0
BRDA:54,5,1,1
BRDA:69,6,0,0
BRDA:69,6,1,1
BRF:14
BRH:8
end_of_record
TN:
SF:src/models/Suggestion.js
FN:9,(anonymous_0)
FN:20,(anonymous_1)
FN:24,(anonymous_2)
FN:28,(anonymous_3)
FN:36,(anonymous_4)
FNF:5
FNH:4
FNDA:1,(anonymous_0)
FNDA:1,(anonymous_1)
FNDA:0,(anonymous_2)
FNDA:1,(anonymous_3)
FNDA:2,(anonymous_4)
DA:1,1
DA:2,1
DA:5,1
DA:6,1
DA:10,1
DA:17,1
DA:21,1
DA:25,0
DA:29,1
DA:30,1
DA:37,2
DA:41,1
LF:12
LH:11
BRF:0
BRH:0
end_of_record
TN:
SF:src/models/User.js
FN:5,(anonymous_0)
FN:6,(anonymous_1)
FN:7,(anonymous_2)
FN:14,(anonymous_3)
FN:15,(anonymous_4)
FN:16,(anonymous_5)
FN:23,(anonymous_6)
FN:24,(anonymous_7)
FN:25,(anonymous_8)
FN:32,(anonymous_9)
FN:35,(anonymous_10)
FN:39,(anonymous_11)
FN:47,(anonymous_12)
FN:48,(anonymous_13)
FN:52,(anonymous_14)
FN:60,(anonymous_15)
FN:61,(anonymous_16)
FN:62,(anonymous_17)
FN:69,(anonymous_18)
FN:70,(anonymous_19)
FN:71,(anonymous_20)
FN:78,(anonymous_21)
FN:84,(anonymous_22)
FN:85,(anonymous_23)
FN:89,(anonymous_24)
FNF:25
FNH:22
FNDA:6,(anonymous_0)
FNDA:6,(anonymous_1)
FNDA:6,(anonymous_2)
FNDA:1,(anonymous_3)
FNDA:1,(anonymous_4)
FNDA:1,(anonymous_5)
FNDA:2,(anonymous_6)
FNDA:2,(anonymous_7)
FNDA:2,(anonymous_8)
FNDA:7,(anonymous_9)
FNDA:7,(anonymous_10)
FNDA:7,(anonymous_11)
FNDA:1,(anonymous_12)
FNDA:1,(anonymous_13)
FNDA:1,(anonymous_14)
FNDA:1,(anonymous_15)
FNDA:1,(anonymous_16)
FNDA:1,(anonymous_17)
FNDA:2,(anonymous_18)
FNDA:2,(anonymous_19)
FNDA:2,(anonymous_20)
FNDA:2,(anonymous_21)
FNDA:0,(anonymous_22)
FNDA:0,(anonymous_23)
FNDA:0,(anonymous_24)
DA:1,3
DA:2,3
DA:6,6
DA:7,6
DA:8,6
DA:9,6
DA:15,1
DA:16,1
DA:17,1
DA:18,1
DA:24,2
DA:25,2
DA:26,2
DA:27,2
DA:33,7
DA:35,7
DA:36,7
DA:40,7
DA:41,7
DA:48,1
DA:49,1
DA:53,1
DA:54,1
DA:61,1
DA:62,1
DA:63,1
DA:64,1
DA:70,2
DA:71,2
DA:72,2
DA:73,2
DA:79,2
DA:80,2
DA:81,2
DA:85,0
DA:86,0
DA:90,0
DA:91,0
DA:98,3
LF:39
LH:35
BRDA:8,0,0,0
BRDA:8,0,1,6
BRDA:17,1,0,0
BRDA:17,1,1,1
BRDA:26,2,0,0
BRDA:26,2,1,2
BRDA:32,3,0,7
BRDA:40,4,0,1
BRDA:40,4,1,6
BRDA:53,5,0,0
BRDA:53,5,1,1
BRDA:63,6,0,0
BRDA:63,6,1,1
BRDA:72,7,0,0
BRDA:72,7,1,2
BRDA:80,8,0,0
BRDA:80,8,1,2
BRDA:90,9,0,0
BRDA:90,9,1,0
BRF:19
BRH:10
end_of_record
TN:
SF:src/routes/authRoutes.js
FNF:0
FNH:0
DA:1,1
DA:2,1
DA:4,1
DA:6,1
DA:8,1
LF:5
LH:5
BRF:0
BRH:0
end_of_record
TN:
SF:src/routes/bookingRoutes.js
FNF:0
FNH:0
DA:1,1
DA:2,1
DA:3,1
DA:4,1
DA:6,1
DA:7,1
DA:8,1
DA:10,1
LF:8
LH:8
BRF:0
BRH:0
end_of_record
TN:
SF:src/routes/itineraryRoutes.js
FNF:0
FNH:0
DA:1,1
DA:2,1
DA:3,1
DA:5,1
DA:7,1
DA:8,1
DA:9,1
DA:10,1
DA:11,1
DA:13,1
LF:10
LH:10
BRF:0
BRH:0
end_of_record
TN:
SF:src/routes/suggestionRoutes.js
FNF:0
FNH:0
DA:1,0
DA:2,0
DA:3,0
DA:5,0
DA:7,0
DA:8,0
DA:9,0
DA:10,0
DA:12,0
LF:9
LH:0
BRF:0
BRH:0
end_of_record
TN:
SF:src/routes/userRoutes.js
FN:13,(anonymous_0)
FNF:1
FNH:1
FNDA:3,(anonymous_0)
DA:1,1
DA:2,1
DA:3,1
DA:5,1
DA:7,1
DA:9,1
DA:14,3
DA:15,3
DA:16,1
DA:20,1
DA:21,1
DA:23,1
DA:24,1
DA:25,1
DA:26,1
DA:28,1
LF:16
LH:16
BRDA:15,0,0,2
BRDA:15,0,1,1
BRF:2
BRH:2
end_of_record
